<?xml version="1.0" encoding="UTF-8"?>
<!-- Generated by org.testng.reporters.JUnitXMLReporter -->
<testsuite ignored="0" hostname="Sampadas-Air.attlocal.net" failures="0" tests="3" name="Default test" time="23.889" errors="0" timestamp="2023-05-02T21:50:59 CDT">
  <testcase classname="sauceDemo.jquery" name="droppableJquery" time="10.768"/>
  <testcase classname="sauceDemo.jquery" name="verifyCurrentUrl" time="6.33"/>
  <testcase classname="sauceDemo.jquery" name="verifyTitle" time="6.685"/>
</testsuite> <!-- Default test -->
