<?xml version="1.0" encoding="UTF-8"?>
<testng-results ignored="0" total="3" passed="3" failed="0" skipped="0">
  <reporter-output>
  </reporter-output>
  <suite started-at="2023-05-02T21:50:35 CDT" name="Default suite" finished-at="2023-05-02T21:50:59 CDT" duration-ms="23889">
    <groups>
    </groups>
    <test started-at="2023-05-02T21:50:35 CDT" name="Default test" finished-at="2023-05-02T21:50:59 CDT" duration-ms="23889">
      <class name="sauceDemo.jquery">
        <test-method signature="droppableJquery()[pri:0, instance:sauceDemo.jquery@5b03b9fe]" started-at="2023-05-02T21:50:35 CDT" name="droppableJquery" finished-at="2023-05-02T21:50:46 CDT" duration-ms="10768" status="PASS">
          <reporter-output>
          </reporter-output>
        </test-method> <!-- droppableJquery -->
        <test-method signature="verifyCurrentUrl()[pri:0, instance:sauceDemo.jquery@5b03b9fe]" started-at="2023-05-02T21:50:46 CDT" name="verifyCurrentUrl" finished-at="2023-05-02T21:50:52 CDT" duration-ms="6330" status="PASS">
          <reporter-output>
          </reporter-output>
        </test-method> <!-- verifyCurrentUrl -->
        <test-method signature="verifyTitle()[pri:0, instance:sauceDemo.jquery@5b03b9fe]" started-at="2023-05-02T21:50:52 CDT" name="verifyTitle" finished-at="2023-05-02T21:50:59 CDT" duration-ms="6685" status="PASS">
          <reporter-output>
          </reporter-output>
        </test-method> <!-- verifyTitle -->
      </class> <!-- sauceDemo.jquery -->
    </test> <!-- Default test -->
  </suite> <!-- Default suite -->
</testng-results>
